1
Stack:
(Ref(int) v1; (Ref(int) v2; (Ref(int) v3; (int cnt; (new(v1,2); (new(v2,3); (new(v3,4); (newLatch(cnt,rH(v2)); (fork((wH(v1,rH(v1) * 10); (print(rH(v1)); (countDown(cnt); (fork((wH(v2,rH(v2) * 10); (print(rH(v2)); (countDown(cnt); (fork((wH(v3,rH(v3) * 10); (print(rH(v3)); (countDown(cnt); no operation)))); no operation))))); no operation))))); (await(cnt); (print(100); (countDown(cnt); (print(100); no operation)))))))))))))
SymTable:
Out:
Heap: 
Latch Table: 
-----------
1
Stack:
(Ref(int) v2; (Ref(int) v3; (int cnt; (new(v1,2); (new(v2,3); (new(v3,4); (newLatch(cnt,rH(v2)); (fork((wH(v1,rH(v1) * 10); (print(rH(v1)); (countDown(cnt); (fork((wH(v2,rH(v2) * 10); (print(rH(v2)); (countDown(cnt); (fork((wH(v3,rH(v3) * 10); (print(rH(v3)); (countDown(cnt); no operation)))); no operation))))); no operation))))); (await(cnt); (print(100); (countDown(cnt); (print(100); no operation))))))))))))
Ref(int) v1
SymTable:
Out:
Heap: 
Latch Table: 
-----------
1
Stack:
(Ref(int) v2; (Ref(int) v3; (int cnt; (new(v1,2); (new(v2,3); (new(v3,4); (newLatch(cnt,rH(v2)); (fork((wH(v1,rH(v1) * 10); (print(rH(v1)); (countDown(cnt); (fork((wH(v2,rH(v2) * 10); (print(rH(v2)); (countDown(cnt); (fork((wH(v3,rH(v3) * 10); (print(rH(v3)); (countDown(cnt); no operation)))); no operation))))); no operation))))); (await(cnt); (print(100); (countDown(cnt); (print(100); no operation))))))))))))
Ref(int) v1
SymTable:
Out:
Heap: 
Latch Table: 
-----------
1
Stack:
(Ref(int) v2; (Ref(int) v3; (int cnt; (new(v1,2); (new(v2,3); (new(v3,4); (newLatch(cnt,rH(v2)); (fork((wH(v1,rH(v1) * 10); (print(rH(v1)); (countDown(cnt); (fork((wH(v2,rH(v2) * 10); (print(rH(v2)); (countDown(cnt); (fork((wH(v3,rH(v3) * 10); (print(rH(v3)); (countDown(cnt); no operation)))); no operation))))); no operation))))); (await(cnt); (print(100); (countDown(cnt); (print(100); no operation))))))))))))
SymTable:
v1 --> (0,int)
Out:
Heap: 
Latch Table: 
-----------
1
Stack:
(Ref(int) v2; (Ref(int) v3; (int cnt; (new(v1,2); (new(v2,3); (new(v3,4); (newLatch(cnt,rH(v2)); (fork((wH(v1,rH(v1) * 10); (print(rH(v1)); (countDown(cnt); (fork((wH(v2,rH(v2) * 10); (print(rH(v2)); (countDown(cnt); (fork((wH(v3,rH(v3) * 10); (print(rH(v3)); (countDown(cnt); no operation)))); no operation))))); no operation))))); (await(cnt); (print(100); (countDown(cnt); (print(100); no operation))))))))))))
SymTable:
v1 --> (0,int)
Out:
Heap: 
Latch Table: 
-----------
1
Stack:
(Ref(int) v3; (int cnt; (new(v1,2); (new(v2,3); (new(v3,4); (newLatch(cnt,rH(v2)); (fork((wH(v1,rH(v1) * 10); (print(rH(v1)); (countDown(cnt); (fork((wH(v2,rH(v2) * 10); (print(rH(v2)); (countDown(cnt); (fork((wH(v3,rH(v3) * 10); (print(rH(v3)); (countDown(cnt); no operation)))); no operation))))); no operation))))); (await(cnt); (print(100); (countDown(cnt); (print(100); no operation)))))))))))
Ref(int) v2
SymTable:
v1 --> (0,int)
Out:
Heap: 
Latch Table: 
-----------
1
Stack:
(Ref(int) v3; (int cnt; (new(v1,2); (new(v2,3); (new(v3,4); (newLatch(cnt,rH(v2)); (fork((wH(v1,rH(v1) * 10); (print(rH(v1)); (countDown(cnt); (fork((wH(v2,rH(v2) * 10); (print(rH(v2)); (countDown(cnt); (fork((wH(v3,rH(v3) * 10); (print(rH(v3)); (countDown(cnt); no operation)))); no operation))))); no operation))))); (await(cnt); (print(100); (countDown(cnt); (print(100); no operation)))))))))))
Ref(int) v2
SymTable:
v1 --> (0,int)
Out:
Heap: 
Latch Table: 
-----------
1
Stack:
(Ref(int) v3; (int cnt; (new(v1,2); (new(v2,3); (new(v3,4); (newLatch(cnt,rH(v2)); (fork((wH(v1,rH(v1) * 10); (print(rH(v1)); (countDown(cnt); (fork((wH(v2,rH(v2) * 10); (print(rH(v2)); (countDown(cnt); (fork((wH(v3,rH(v3) * 10); (print(rH(v3)); (countDown(cnt); no operation)))); no operation))))); no operation))))); (await(cnt); (print(100); (countDown(cnt); (print(100); no operation)))))))))))
SymTable:
v1 --> (0,int)
v2 --> (0,int)
Out:
Heap: 
Latch Table: 
-----------
1
Stack:
(Ref(int) v3; (int cnt; (new(v1,2); (new(v2,3); (new(v3,4); (newLatch(cnt,rH(v2)); (fork((wH(v1,rH(v1) * 10); (print(rH(v1)); (countDown(cnt); (fork((wH(v2,rH(v2) * 10); (print(rH(v2)); (countDown(cnt); (fork((wH(v3,rH(v3) * 10); (print(rH(v3)); (countDown(cnt); no operation)))); no operation))))); no operation))))); (await(cnt); (print(100); (countDown(cnt); (print(100); no operation)))))))))))
SymTable:
v1 --> (0,int)
v2 --> (0,int)
Out:
Heap: 
Latch Table: 
-----------
1
Stack:
(int cnt; (new(v1,2); (new(v2,3); (new(v3,4); (newLatch(cnt,rH(v2)); (fork((wH(v1,rH(v1) * 10); (print(rH(v1)); (countDown(cnt); (fork((wH(v2,rH(v2) * 10); (print(rH(v2)); (countDown(cnt); (fork((wH(v3,rH(v3) * 10); (print(rH(v3)); (countDown(cnt); no operation)))); no operation))))); no operation))))); (await(cnt); (print(100); (countDown(cnt); (print(100); no operation))))))))))
Ref(int) v3
SymTable:
v1 --> (0,int)
v2 --> (0,int)
Out:
Heap: 
Latch Table: 
-----------
1
Stack:
(int cnt; (new(v1,2); (new(v2,3); (new(v3,4); (newLatch(cnt,rH(v2)); (fork((wH(v1,rH(v1) * 10); (print(rH(v1)); (countDown(cnt); (fork((wH(v2,rH(v2) * 10); (print(rH(v2)); (countDown(cnt); (fork((wH(v3,rH(v3) * 10); (print(rH(v3)); (countDown(cnt); no operation)))); no operation))))); no operation))))); (await(cnt); (print(100); (countDown(cnt); (print(100); no operation))))))))))
Ref(int) v3
SymTable:
v1 --> (0,int)
v2 --> (0,int)
Out:
Heap: 
Latch Table: 
-----------
1
Stack:
(int cnt; (new(v1,2); (new(v2,3); (new(v3,4); (newLatch(cnt,rH(v2)); (fork((wH(v1,rH(v1) * 10); (print(rH(v1)); (countDown(cnt); (fork((wH(v2,rH(v2) * 10); (print(rH(v2)); (countDown(cnt); (fork((wH(v3,rH(v3) * 10); (print(rH(v3)); (countDown(cnt); no operation)))); no operation))))); no operation))))); (await(cnt); (print(100); (countDown(cnt); (print(100); no operation))))))))))
SymTable:
v1 --> (0,int)
v2 --> (0,int)
v3 --> (0,int)
Out:
Heap: 
Latch Table: 
-----------
1
Stack:
(int cnt; (new(v1,2); (new(v2,3); (new(v3,4); (newLatch(cnt,rH(v2)); (fork((wH(v1,rH(v1) * 10); (print(rH(v1)); (countDown(cnt); (fork((wH(v2,rH(v2) * 10); (print(rH(v2)); (countDown(cnt); (fork((wH(v3,rH(v3) * 10); (print(rH(v3)); (countDown(cnt); no operation)))); no operation))))); no operation))))); (await(cnt); (print(100); (countDown(cnt); (print(100); no operation))))))))))
SymTable:
v1 --> (0,int)
v2 --> (0,int)
v3 --> (0,int)
Out:
Heap: 
Latch Table: 
-----------
1
Stack:
(new(v1,2); (new(v2,3); (new(v3,4); (newLatch(cnt,rH(v2)); (fork((wH(v1,rH(v1) * 10); (print(rH(v1)); (countDown(cnt); (fork((wH(v2,rH(v2) * 10); (print(rH(v2)); (countDown(cnt); (fork((wH(v3,rH(v3) * 10); (print(rH(v3)); (countDown(cnt); no operation)))); no operation))))); no operation))))); (await(cnt); (print(100); (countDown(cnt); (print(100); no operation)))))))))
int cnt
SymTable:
v1 --> (0,int)
v2 --> (0,int)
v3 --> (0,int)
Out:
Heap: 
Latch Table: 
-----------
1
Stack:
(new(v1,2); (new(v2,3); (new(v3,4); (newLatch(cnt,rH(v2)); (fork((wH(v1,rH(v1) * 10); (print(rH(v1)); (countDown(cnt); (fork((wH(v2,rH(v2) * 10); (print(rH(v2)); (countDown(cnt); (fork((wH(v3,rH(v3) * 10); (print(rH(v3)); (countDown(cnt); no operation)))); no operation))))); no operation))))); (await(cnt); (print(100); (countDown(cnt); (print(100); no operation)))))))))
int cnt
SymTable:
v1 --> (0,int)
v2 --> (0,int)
v3 --> (0,int)
Out:
Heap: 
Latch Table: 
-----------
1
Stack:
(new(v1,2); (new(v2,3); (new(v3,4); (newLatch(cnt,rH(v2)); (fork((wH(v1,rH(v1) * 10); (print(rH(v1)); (countDown(cnt); (fork((wH(v2,rH(v2) * 10); (print(rH(v2)); (countDown(cnt); (fork((wH(v3,rH(v3) * 10); (print(rH(v3)); (countDown(cnt); no operation)))); no operation))))); no operation))))); (await(cnt); (print(100); (countDown(cnt); (print(100); no operation)))))))))
SymTable:
cnt --> 0
v1 --> (0,int)
v2 --> (0,int)
v3 --> (0,int)
Out:
Heap: 
Latch Table: 
-----------
1
Stack:
(new(v1,2); (new(v2,3); (new(v3,4); (newLatch(cnt,rH(v2)); (fork((wH(v1,rH(v1) * 10); (print(rH(v1)); (countDown(cnt); (fork((wH(v2,rH(v2) * 10); (print(rH(v2)); (countDown(cnt); (fork((wH(v3,rH(v3) * 10); (print(rH(v3)); (countDown(cnt); no operation)))); no operation))))); no operation))))); (await(cnt); (print(100); (countDown(cnt); (print(100); no operation)))))))))
SymTable:
cnt --> 0
v1 --> (0,int)
v2 --> (0,int)
v3 --> (0,int)
Out:
Heap: 
Latch Table: 
-----------
1
Stack:
(new(v2,3); (new(v3,4); (newLatch(cnt,rH(v2)); (fork((wH(v1,rH(v1) * 10); (print(rH(v1)); (countDown(cnt); (fork((wH(v2,rH(v2) * 10); (print(rH(v2)); (countDown(cnt); (fork((wH(v3,rH(v3) * 10); (print(rH(v3)); (countDown(cnt); no operation)))); no operation))))); no operation))))); (await(cnt); (print(100); (countDown(cnt); (print(100); no operation))))))))
new(v1,2)
SymTable:
cnt --> 0
v1 --> (0,int)
v2 --> (0,int)
v3 --> (0,int)
Out:
Heap: 
Latch Table: 
-----------
1
Stack:
(new(v2,3); (new(v3,4); (newLatch(cnt,rH(v2)); (fork((wH(v1,rH(v1) * 10); (print(rH(v1)); (countDown(cnt); (fork((wH(v2,rH(v2) * 10); (print(rH(v2)); (countDown(cnt); (fork((wH(v3,rH(v3) * 10); (print(rH(v3)); (countDown(cnt); no operation)))); no operation))))); no operation))))); (await(cnt); (print(100); (countDown(cnt); (print(100); no operation))))))))
new(v1,2)
SymTable:
cnt --> 0
v1 --> (0,int)
v2 --> (0,int)
v3 --> (0,int)
Out:
Heap: 
Latch Table: 
-----------
1
Stack:
(new(v2,3); (new(v3,4); (newLatch(cnt,rH(v2)); (fork((wH(v1,rH(v1) * 10); (print(rH(v1)); (countDown(cnt); (fork((wH(v2,rH(v2) * 10); (print(rH(v2)); (countDown(cnt); (fork((wH(v3,rH(v3) * 10); (print(rH(v3)); (countDown(cnt); no operation)))); no operation))))); no operation))))); (await(cnt); (print(100); (countDown(cnt); (print(100); no operation))))))))
SymTable:
cnt --> 0
v1 --> (1,int)
v2 --> (0,int)
v3 --> (0,int)
Out:
Heap: 
1 -> 2
Latch Table: 
-----------
1
Stack:
(new(v2,3); (new(v3,4); (newLatch(cnt,rH(v2)); (fork((wH(v1,rH(v1) * 10); (print(rH(v1)); (countDown(cnt); (fork((wH(v2,rH(v2) * 10); (print(rH(v2)); (countDown(cnt); (fork((wH(v3,rH(v3) * 10); (print(rH(v3)); (countDown(cnt); no operation)))); no operation))))); no operation))))); (await(cnt); (print(100); (countDown(cnt); (print(100); no operation))))))))
SymTable:
cnt --> 0
v1 --> (1,int)
v2 --> (0,int)
v3 --> (0,int)
Out:
Heap: 
1 -> 2
Latch Table: 
-----------
1
Stack:
(new(v3,4); (newLatch(cnt,rH(v2)); (fork((wH(v1,rH(v1) * 10); (print(rH(v1)); (countDown(cnt); (fork((wH(v2,rH(v2) * 10); (print(rH(v2)); (countDown(cnt); (fork((wH(v3,rH(v3) * 10); (print(rH(v3)); (countDown(cnt); no operation)))); no operation))))); no operation))))); (await(cnt); (print(100); (countDown(cnt); (print(100); no operation)))))))
new(v2,3)
SymTable:
cnt --> 0
v1 --> (1,int)
v2 --> (0,int)
v3 --> (0,int)
Out:
Heap: 
1 -> 2
Latch Table: 
-----------
1
Stack:
(new(v3,4); (newLatch(cnt,rH(v2)); (fork((wH(v1,rH(v1) * 10); (print(rH(v1)); (countDown(cnt); (fork((wH(v2,rH(v2) * 10); (print(rH(v2)); (countDown(cnt); (fork((wH(v3,rH(v3) * 10); (print(rH(v3)); (countDown(cnt); no operation)))); no operation))))); no operation))))); (await(cnt); (print(100); (countDown(cnt); (print(100); no operation)))))))
new(v2,3)
SymTable:
cnt --> 0
v1 --> (1,int)
v2 --> (0,int)
v3 --> (0,int)
Out:
Heap: 
1 -> 2
Latch Table: 
-----------
1
Stack:
(new(v3,4); (newLatch(cnt,rH(v2)); (fork((wH(v1,rH(v1) * 10); (print(rH(v1)); (countDown(cnt); (fork((wH(v2,rH(v2) * 10); (print(rH(v2)); (countDown(cnt); (fork((wH(v3,rH(v3) * 10); (print(rH(v3)); (countDown(cnt); no operation)))); no operation))))); no operation))))); (await(cnt); (print(100); (countDown(cnt); (print(100); no operation)))))))
SymTable:
cnt --> 0
v1 --> (1,int)
v2 --> (2,int)
v3 --> (0,int)
Out:
Heap: 
1 -> 2
2 -> 3
Latch Table: 
-----------
1
Stack:
(new(v3,4); (newLatch(cnt,rH(v2)); (fork((wH(v1,rH(v1) * 10); (print(rH(v1)); (countDown(cnt); (fork((wH(v2,rH(v2) * 10); (print(rH(v2)); (countDown(cnt); (fork((wH(v3,rH(v3) * 10); (print(rH(v3)); (countDown(cnt); no operation)))); no operation))))); no operation))))); (await(cnt); (print(100); (countDown(cnt); (print(100); no operation)))))))
SymTable:
cnt --> 0
v1 --> (1,int)
v2 --> (2,int)
v3 --> (0,int)
Out:
Heap: 
1 -> 2
2 -> 3
Latch Table: 
-----------
1
Stack:
(newLatch(cnt,rH(v2)); (fork((wH(v1,rH(v1) * 10); (print(rH(v1)); (countDown(cnt); (fork((wH(v2,rH(v2) * 10); (print(rH(v2)); (countDown(cnt); (fork((wH(v3,rH(v3) * 10); (print(rH(v3)); (countDown(cnt); no operation)))); no operation))))); no operation))))); (await(cnt); (print(100); (countDown(cnt); (print(100); no operation))))))
new(v3,4)
SymTable:
cnt --> 0
v1 --> (1,int)
v2 --> (2,int)
v3 --> (0,int)
Out:
Heap: 
1 -> 2
2 -> 3
Latch Table: 
-----------
1
Stack:
(newLatch(cnt,rH(v2)); (fork((wH(v1,rH(v1) * 10); (print(rH(v1)); (countDown(cnt); (fork((wH(v2,rH(v2) * 10); (print(rH(v2)); (countDown(cnt); (fork((wH(v3,rH(v3) * 10); (print(rH(v3)); (countDown(cnt); no operation)))); no operation))))); no operation))))); (await(cnt); (print(100); (countDown(cnt); (print(100); no operation))))))
new(v3,4)
SymTable:
cnt --> 0
v1 --> (1,int)
v2 --> (2,int)
v3 --> (0,int)
Out:
Heap: 
1 -> 2
2 -> 3
Latch Table: 
-----------
1
Stack:
(newLatch(cnt,rH(v2)); (fork((wH(v1,rH(v1) * 10); (print(rH(v1)); (countDown(cnt); (fork((wH(v2,rH(v2) * 10); (print(rH(v2)); (countDown(cnt); (fork((wH(v3,rH(v3) * 10); (print(rH(v3)); (countDown(cnt); no operation)))); no operation))))); no operation))))); (await(cnt); (print(100); (countDown(cnt); (print(100); no operation))))))
SymTable:
cnt --> 0
v1 --> (1,int)
v2 --> (2,int)
v3 --> (3,int)
Out:
Heap: 
1 -> 2
2 -> 3
3 -> 4
Latch Table: 
-----------
1
Stack:
(newLatch(cnt,rH(v2)); (fork((wH(v1,rH(v1) * 10); (print(rH(v1)); (countDown(cnt); (fork((wH(v2,rH(v2) * 10); (print(rH(v2)); (countDown(cnt); (fork((wH(v3,rH(v3) * 10); (print(rH(v3)); (countDown(cnt); no operation)))); no operation))))); no operation))))); (await(cnt); (print(100); (countDown(cnt); (print(100); no operation))))))
SymTable:
cnt --> 0
v1 --> (1,int)
v2 --> (2,int)
v3 --> (3,int)
Out:
Heap: 
1 -> 2
2 -> 3
3 -> 4
Latch Table: 
-----------
1
Stack:
(fork((wH(v1,rH(v1) * 10); (print(rH(v1)); (countDown(cnt); (fork((wH(v2,rH(v2) * 10); (print(rH(v2)); (countDown(cnt); (fork((wH(v3,rH(v3) * 10); (print(rH(v3)); (countDown(cnt); no operation)))); no operation))))); no operation))))); (await(cnt); (print(100); (countDown(cnt); (print(100); no operation)))))
newLatch(cnt,rH(v2))
SymTable:
cnt --> 0
v1 --> (1,int)
v2 --> (2,int)
v3 --> (3,int)
Out:
Heap: 
1 -> 2
2 -> 3
3 -> 4
Latch Table: 
-----------
1
Stack:
(fork((wH(v1,rH(v1) * 10); (print(rH(v1)); (countDown(cnt); (fork((wH(v2,rH(v2) * 10); (print(rH(v2)); (countDown(cnt); (fork((wH(v3,rH(v3) * 10); (print(rH(v3)); (countDown(cnt); no operation)))); no operation))))); no operation))))); (await(cnt); (print(100); (countDown(cnt); (print(100); no operation)))))
newLatch(cnt,rH(v2))
SymTable:
cnt --> 0
v1 --> (1,int)
v2 --> (2,int)
v3 --> (3,int)
Out:
Heap: 
1 -> 2
2 -> 3
3 -> 4
Latch Table: 
-----------
1
Stack:
(fork((wH(v1,rH(v1) * 10); (print(rH(v1)); (countDown(cnt); (fork((wH(v2,rH(v2) * 10); (print(rH(v2)); (countDown(cnt); (fork((wH(v3,rH(v3) * 10); (print(rH(v3)); (countDown(cnt); no operation)))); no operation))))); no operation))))); (await(cnt); (print(100); (countDown(cnt); (print(100); no operation)))))
SymTable:
cnt --> 1
v1 --> (1,int)
v2 --> (2,int)
v3 --> (3,int)
Out:
Heap: 
1 -> 2
2 -> 3
3 -> 4
Latch Table: 1->3 
-----------
1
Stack:
(fork((wH(v1,rH(v1) * 10); (print(rH(v1)); (countDown(cnt); (fork((wH(v2,rH(v2) * 10); (print(rH(v2)); (countDown(cnt); (fork((wH(v3,rH(v3) * 10); (print(rH(v3)); (countDown(cnt); no operation)))); no operation))))); no operation))))); (await(cnt); (print(100); (countDown(cnt); (print(100); no operation)))))
SymTable:
cnt --> 1
v1 --> (1,int)
v2 --> (2,int)
v3 --> (3,int)
Out:
Heap: 
1 -> 2
2 -> 3
3 -> 4
Latch Table: 1->3 
-----------
1
Stack:
(await(cnt); (print(100); (countDown(cnt); (print(100); no operation))))
fork((wH(v1,rH(v1) * 10); (print(rH(v1)); (countDown(cnt); (fork((wH(v2,rH(v2) * 10); (print(rH(v2)); (countDown(cnt); (fork((wH(v3,rH(v3) * 10); (print(rH(v3)); (countDown(cnt); no operation)))); no operation))))); no operation)))))
SymTable:
cnt --> 1
v1 --> (1,int)
v2 --> (2,int)
v3 --> (3,int)
Out:
Heap: 
1 -> 2
2 -> 3
3 -> 4
Latch Table: 1->3 
-----------
1
Stack:
(await(cnt); (print(100); (countDown(cnt); (print(100); no operation))))
fork((wH(v1,rH(v1) * 10); (print(rH(v1)); (countDown(cnt); (fork((wH(v2,rH(v2) * 10); (print(rH(v2)); (countDown(cnt); (fork((wH(v3,rH(v3) * 10); (print(rH(v3)); (countDown(cnt); no operation)))); no operation))))); no operation)))))
SymTable:
cnt --> 1
v1 --> (1,int)
v2 --> (2,int)
v3 --> (3,int)
Out:
Heap: 
1 -> 2
2 -> 3
3 -> 4
Latch Table: 1->3 
-----------
1
Stack:
(await(cnt); (print(100); (countDown(cnt); (print(100); no operation))))
SymTable:
cnt --> 1
v1 --> (1,int)
v2 --> (2,int)
v3 --> (3,int)
Out:
Heap: 
1 -> 2
2 -> 3
3 -> 4
Latch Table: 1->3 
-----------
2
Stack:
(wH(v1,rH(v1) * 10); (print(rH(v1)); (countDown(cnt); (fork((wH(v2,rH(v2) * 10); (print(rH(v2)); (countDown(cnt); (fork((wH(v3,rH(v3) * 10); (print(rH(v3)); (countDown(cnt); no operation)))); no operation))))); no operation))))
SymTable:
cnt --> 1
v1 --> (1,int)
v2 --> (2,int)
v3 --> (3,int)
Out:
Heap: 
1 -> 2
2 -> 3
3 -> 4
Latch Table: 1->3 
-----------
1
Stack:
(await(cnt); (print(100); (countDown(cnt); (print(100); no operation))))
SymTable:
cnt --> 1
v1 --> (1,int)
v2 --> (2,int)
v3 --> (3,int)
Out:
Heap: 
1 -> 2
2 -> 3
3 -> 4
Latch Table: 1->3 
-----------
2
Stack:
(wH(v1,rH(v1) * 10); (print(rH(v1)); (countDown(cnt); (fork((wH(v2,rH(v2) * 10); (print(rH(v2)); (countDown(cnt); (fork((wH(v3,rH(v3) * 10); (print(rH(v3)); (countDown(cnt); no operation)))); no operation))))); no operation))))
SymTable:
cnt --> 1
v1 --> (1,int)
v2 --> (2,int)
v3 --> (3,int)
Out:
Heap: 
1 -> 2
2 -> 3
3 -> 4
Latch Table: 1->3 
-----------
1
Stack:
(print(100); (countDown(cnt); (print(100); no operation)))
await(cnt)
SymTable:
cnt --> 1
v1 --> (1,int)
v2 --> (2,int)
v3 --> (3,int)
Out:
Heap: 
1 -> 2
2 -> 3
3 -> 4
Latch Table: 1->3 
-----------
2
Stack:
(print(rH(v1)); (countDown(cnt); (fork((wH(v2,rH(v2) * 10); (print(rH(v2)); (countDown(cnt); (fork((wH(v3,rH(v3) * 10); (print(rH(v3)); (countDown(cnt); no operation)))); no operation))))); no operation)))
wH(v1,rH(v1) * 10)
SymTable:
cnt --> 1
v1 --> (1,int)
v2 --> (2,int)
v3 --> (3,int)
Out:
Heap: 
1 -> 2
2 -> 3
3 -> 4
Latch Table: 1->3 
-----------
1
Stack:
(print(100); (countDown(cnt); (print(100); no operation)))
await(cnt)
SymTable:
cnt --> 1
v1 --> (1,int)
v2 --> (2,int)
v3 --> (3,int)
Out:
Heap: 
1 -> 2
2 -> 3
3 -> 4
Latch Table: 1->3 
-----------
2
Stack:
(print(rH(v1)); (countDown(cnt); (fork((wH(v2,rH(v2) * 10); (print(rH(v2)); (countDown(cnt); (fork((wH(v3,rH(v3) * 10); (print(rH(v3)); (countDown(cnt); no operation)))); no operation))))); no operation)))
wH(v1,rH(v1) * 10)
SymTable:
cnt --> 1
v1 --> (1,int)
v2 --> (2,int)
v3 --> (3,int)
Out:
Heap: 
1 -> 2
2 -> 3
3 -> 4
Latch Table: 1->3 
-----------
1
Stack:
(print(100); (countDown(cnt); (print(100); no operation)))
await(cnt)
SymTable:
cnt --> 1
v1 --> (1,int)
v2 --> (2,int)
v3 --> (3,int)
Out:
Heap: 
1 -> 20
2 -> 3
3 -> 4
Latch Table: 1->3 
-----------
2
Stack:
(print(rH(v1)); (countDown(cnt); (fork((wH(v2,rH(v2) * 10); (print(rH(v2)); (countDown(cnt); (fork((wH(v3,rH(v3) * 10); (print(rH(v3)); (countDown(cnt); no operation)))); no operation))))); no operation)))
SymTable:
cnt --> 1
v1 --> (1,int)
v2 --> (2,int)
v3 --> (3,int)
Out:
Heap: 
1 -> 20
2 -> 3
3 -> 4
Latch Table: 1->3 
-----------
1
Stack:
(print(100); (countDown(cnt); (print(100); no operation)))
await(cnt)
SymTable:
cnt --> 1
v1 --> (1,int)
v2 --> (2,int)
v3 --> (3,int)
Out:
Heap: 
1 -> 20
2 -> 3
3 -> 4
Latch Table: 1->3 
-----------
2
Stack:
(print(rH(v1)); (countDown(cnt); (fork((wH(v2,rH(v2) * 10); (print(rH(v2)); (countDown(cnt); (fork((wH(v3,rH(v3) * 10); (print(rH(v3)); (countDown(cnt); no operation)))); no operation))))); no operation)))
SymTable:
cnt --> 1
v1 --> (1,int)
v2 --> (2,int)
v3 --> (3,int)
Out:
Heap: 
1 -> 20
2 -> 3
3 -> 4
Latch Table: 1->3 
-----------
1
Stack:
(print(100); (countDown(cnt); (print(100); no operation)))
await(cnt)
SymTable:
cnt --> 1
v1 --> (1,int)
v2 --> (2,int)
v3 --> (3,int)
Out:
Heap: 
1 -> 20
2 -> 3
3 -> 4
Latch Table: 1->3 
-----------
2
Stack:
(countDown(cnt); (fork((wH(v2,rH(v2) * 10); (print(rH(v2)); (countDown(cnt); (fork((wH(v3,rH(v3) * 10); (print(rH(v3)); (countDown(cnt); no operation)))); no operation))))); no operation))
print(rH(v1))
SymTable:
cnt --> 1
v1 --> (1,int)
v2 --> (2,int)
v3 --> (3,int)
Out:
Heap: 
1 -> 20
2 -> 3
3 -> 4
Latch Table: 1->3 
-----------
1
Stack:
(print(100); (countDown(cnt); (print(100); no operation)))
await(cnt)
SymTable:
cnt --> 1
v1 --> (1,int)
v2 --> (2,int)
v3 --> (3,int)
Out:
Heap: 
1 -> 20
2 -> 3
3 -> 4
Latch Table: 1->3 
-----------
2
Stack:
(countDown(cnt); (fork((wH(v2,rH(v2) * 10); (print(rH(v2)); (countDown(cnt); (fork((wH(v3,rH(v3) * 10); (print(rH(v3)); (countDown(cnt); no operation)))); no operation))))); no operation))
print(rH(v1))
SymTable:
cnt --> 1
v1 --> (1,int)
v2 --> (2,int)
v3 --> (3,int)
Out:
Heap: 
1 -> 20
2 -> 3
3 -> 4
Latch Table: 1->3 
-----------
1
Stack:
(print(100); (countDown(cnt); (print(100); no operation)))
await(cnt)
SymTable:
cnt --> 1
v1 --> (1,int)
v2 --> (2,int)
v3 --> (3,int)
Out:
20
Heap: 
1 -> 20
2 -> 3
3 -> 4
Latch Table: 1->3 
-----------
2
Stack:
(countDown(cnt); (fork((wH(v2,rH(v2) * 10); (print(rH(v2)); (countDown(cnt); (fork((wH(v3,rH(v3) * 10); (print(rH(v3)); (countDown(cnt); no operation)))); no operation))))); no operation))
SymTable:
cnt --> 1
v1 --> (1,int)
v2 --> (2,int)
v3 --> (3,int)
Out:
20
Heap: 
1 -> 20
2 -> 3
3 -> 4
Latch Table: 1->3 
-----------
1
Stack:
(print(100); (countDown(cnt); (print(100); no operation)))
await(cnt)
SymTable:
cnt --> 1
v1 --> (1,int)
v2 --> (2,int)
v3 --> (3,int)
Out:
20
Heap: 
1 -> 20
2 -> 3
3 -> 4
Latch Table: 1->3 
-----------
2
Stack:
(countDown(cnt); (fork((wH(v2,rH(v2) * 10); (print(rH(v2)); (countDown(cnt); (fork((wH(v3,rH(v3) * 10); (print(rH(v3)); (countDown(cnt); no operation)))); no operation))))); no operation))
SymTable:
cnt --> 1
v1 --> (1,int)
v2 --> (2,int)
v3 --> (3,int)
Out:
20
Heap: 
1 -> 20
2 -> 3
3 -> 4
Latch Table: 1->3 
-----------
1
Stack:
(print(100); (countDown(cnt); (print(100); no operation)))
await(cnt)
SymTable:
cnt --> 1
v1 --> (1,int)
v2 --> (2,int)
v3 --> (3,int)
Out:
20
Heap: 
1 -> 20
2 -> 3
3 -> 4
Latch Table: 1->3 
-----------
2
Stack:
(fork((wH(v2,rH(v2) * 10); (print(rH(v2)); (countDown(cnt); (fork((wH(v3,rH(v3) * 10); (print(rH(v3)); (countDown(cnt); no operation)))); no operation))))); no operation)
countDown(cnt)
SymTable:
cnt --> 1
v1 --> (1,int)
v2 --> (2,int)
v3 --> (3,int)
Out:
20
Heap: 
1 -> 20
2 -> 3
3 -> 4
Latch Table: 1->3 
-----------
1
Stack:
(print(100); (countDown(cnt); (print(100); no operation)))
await(cnt)
SymTable:
cnt --> 1
v1 --> (1,int)
v2 --> (2,int)
v3 --> (3,int)
Out:
20
Heap: 
1 -> 20
2 -> 3
3 -> 4
Latch Table: 1->3 
-----------
2
Stack:
(fork((wH(v2,rH(v2) * 10); (print(rH(v2)); (countDown(cnt); (fork((wH(v3,rH(v3) * 10); (print(rH(v3)); (countDown(cnt); no operation)))); no operation))))); no operation)
countDown(cnt)
SymTable:
cnt --> 1
v1 --> (1,int)
v2 --> (2,int)
v3 --> (3,int)
Out:
20
Heap: 
1 -> 20
2 -> 3
3 -> 4
Latch Table: 1->3 
-----------
1
Stack:
(print(100); (countDown(cnt); (print(100); no operation)))
await(cnt)
SymTable:
cnt --> 1
v1 --> (1,int)
v2 --> (2,int)
v3 --> (3,int)
Out:
20
Heap: 
1 -> 20
2 -> 3
3 -> 4
Latch Table: 1->2 
-----------
2
Stack:
(fork((wH(v2,rH(v2) * 10); (print(rH(v2)); (countDown(cnt); (fork((wH(v3,rH(v3) * 10); (print(rH(v3)); (countDown(cnt); no operation)))); no operation))))); no operation)
print(2)
SymTable:
cnt --> 1
v1 --> (1,int)
v2 --> (2,int)
v3 --> (3,int)
Out:
20
Heap: 
1 -> 20
2 -> 3
3 -> 4
Latch Table: 1->2 
-----------
1
Stack:
(print(100); (countDown(cnt); (print(100); no operation)))
await(cnt)
SymTable:
cnt --> 1
v1 --> (1,int)
v2 --> (2,int)
v3 --> (3,int)
Out:
20
Heap: 
1 -> 20
2 -> 3
3 -> 4
Latch Table: 1->2 
-----------
2
Stack:
(fork((wH(v2,rH(v2) * 10); (print(rH(v2)); (countDown(cnt); (fork((wH(v3,rH(v3) * 10); (print(rH(v3)); (countDown(cnt); no operation)))); no operation))))); no operation)
print(2)
SymTable:
cnt --> 1
v1 --> (1,int)
v2 --> (2,int)
v3 --> (3,int)
Out:
20
Heap: 
1 -> 20
2 -> 3
3 -> 4
Latch Table: 1->2 
-----------
1
Stack:
(print(100); (countDown(cnt); (print(100); no operation)))
await(cnt)
SymTable:
cnt --> 1
v1 --> (1,int)
v2 --> (2,int)
v3 --> (3,int)
Out:
20
2
Heap: 
1 -> 20
2 -> 3
3 -> 4
Latch Table: 1->2 
-----------
2
Stack:
(fork((wH(v2,rH(v2) * 10); (print(rH(v2)); (countDown(cnt); (fork((wH(v3,rH(v3) * 10); (print(rH(v3)); (countDown(cnt); no operation)))); no operation))))); no operation)
SymTable:
cnt --> 1
v1 --> (1,int)
v2 --> (2,int)
v3 --> (3,int)
Out:
20
2
Heap: 
1 -> 20
2 -> 3
3 -> 4
Latch Table: 1->2 
-----------
1
Stack:
(print(100); (countDown(cnt); (print(100); no operation)))
await(cnt)
SymTable:
cnt --> 1
v1 --> (1,int)
v2 --> (2,int)
v3 --> (3,int)
Out:
20
2
Heap: 
1 -> 20
2 -> 3
3 -> 4
Latch Table: 1->2 
-----------
2
Stack:
(fork((wH(v2,rH(v2) * 10); (print(rH(v2)); (countDown(cnt); (fork((wH(v3,rH(v3) * 10); (print(rH(v3)); (countDown(cnt); no operation)))); no operation))))); no operation)
SymTable:
cnt --> 1
v1 --> (1,int)
v2 --> (2,int)
v3 --> (3,int)
Out:
20
2
Heap: 
1 -> 20
2 -> 3
3 -> 4
Latch Table: 1->2 
-----------
1
Stack:
(print(100); (countDown(cnt); (print(100); no operation)))
await(cnt)
SymTable:
cnt --> 1
v1 --> (1,int)
v2 --> (2,int)
v3 --> (3,int)
Out:
20
2
Heap: 
1 -> 20
2 -> 3
3 -> 4
Latch Table: 1->2 
-----------
2
Stack:
no operation
fork((wH(v2,rH(v2) * 10); (print(rH(v2)); (countDown(cnt); (fork((wH(v3,rH(v3) * 10); (print(rH(v3)); (countDown(cnt); no operation)))); no operation)))))
SymTable:
cnt --> 1
v1 --> (1,int)
v2 --> (2,int)
v3 --> (3,int)
Out:
20
2
Heap: 
1 -> 20
2 -> 3
3 -> 4
Latch Table: 1->2 
-----------
1
Stack:
(print(100); (countDown(cnt); (print(100); no operation)))
await(cnt)
SymTable:
cnt --> 1
v1 --> (1,int)
v2 --> (2,int)
v3 --> (3,int)
Out:
20
2
Heap: 
1 -> 20
2 -> 3
3 -> 4
Latch Table: 1->2 
-----------
2
Stack:
no operation
fork((wH(v2,rH(v2) * 10); (print(rH(v2)); (countDown(cnt); (fork((wH(v3,rH(v3) * 10); (print(rH(v3)); (countDown(cnt); no operation)))); no operation)))))
SymTable:
cnt --> 1
v1 --> (1,int)
v2 --> (2,int)
v3 --> (3,int)
Out:
20
2
Heap: 
1 -> 20
2 -> 3
3 -> 4
Latch Table: 1->2 
-----------
1
Stack:
(print(100); (countDown(cnt); (print(100); no operation)))
await(cnt)
SymTable:
cnt --> 1
v1 --> (1,int)
v2 --> (2,int)
v3 --> (3,int)
Out:
20
2
Heap: 
1 -> 20
2 -> 3
3 -> 4
Latch Table: 1->2 
-----------
2
Stack:
no operation
SymTable:
cnt --> 1
v1 --> (1,int)
v2 --> (2,int)
v3 --> (3,int)
Out:
20
2
Heap: 
1 -> 20
2 -> 3
3 -> 4
Latch Table: 1->2 
-----------
3
Stack:
(wH(v2,rH(v2) * 10); (print(rH(v2)); (countDown(cnt); (fork((wH(v3,rH(v3) * 10); (print(rH(v3)); (countDown(cnt); no operation)))); no operation))))
SymTable:
cnt --> 1
v1 --> (1,int)
v2 --> (2,int)
v3 --> (3,int)
Out:
20
2
Heap: 
1 -> 20
2 -> 3
3 -> 4
Latch Table: 1->2 
-----------
1
Stack:
(print(100); (countDown(cnt); (print(100); no operation)))
await(cnt)
SymTable:
cnt --> 1
v1 --> (1,int)
v2 --> (2,int)
v3 --> (3,int)
Out:
20
2
Heap: 
1 -> 20
2 -> 3
3 -> 4
Latch Table: 1->2 
-----------
2
Stack:
no operation
SymTable:
cnt --> 1
v1 --> (1,int)
v2 --> (2,int)
v3 --> (3,int)
Out:
20
2
Heap: 
1 -> 20
2 -> 3
3 -> 4
Latch Table: 1->2 
-----------
3
Stack:
(wH(v2,rH(v2) * 10); (print(rH(v2)); (countDown(cnt); (fork((wH(v3,rH(v3) * 10); (print(rH(v3)); (countDown(cnt); no operation)))); no operation))))
SymTable:
cnt --> 1
v1 --> (1,int)
v2 --> (2,int)
v3 --> (3,int)
Out:
20
2
Heap: 
1 -> 20
2 -> 3
3 -> 4
Latch Table: 1->2 
-----------
1
Stack:
(print(100); (countDown(cnt); (print(100); no operation)))
await(cnt)
SymTable:
cnt --> 1
v1 --> (1,int)
v2 --> (2,int)
v3 --> (3,int)
Out:
20
2
Heap: 
1 -> 20
2 -> 3
3 -> 4
Latch Table: 1->2 
-----------
2
Stack:
SymTable:
cnt --> 1
v1 --> (1,int)
v2 --> (2,int)
v3 --> (3,int)
Out:
20
2
Heap: 
1 -> 20
2 -> 3
3 -> 4
Latch Table: 1->2 
-----------
3
Stack:
(print(rH(v2)); (countDown(cnt); (fork((wH(v3,rH(v3) * 10); (print(rH(v3)); (countDown(cnt); no operation)))); no operation)))
wH(v2,rH(v2) * 10)
SymTable:
cnt --> 1
v1 --> (1,int)
v2 --> (2,int)
v3 --> (3,int)
Out:
20
2
Heap: 
1 -> 20
2 -> 3
3 -> 4
Latch Table: 1->2 
-----------
1
Stack:
(print(100); (countDown(cnt); (print(100); no operation)))
await(cnt)
SymTable:
cnt --> 1
v1 --> (1,int)
v2 --> (2,int)
v3 --> (3,int)
Out:
20
2
Heap: 
1 -> 20
2 -> 3
3 -> 4
Latch Table: 1->2 
-----------
3
Stack:
(print(rH(v2)); (countDown(cnt); (fork((wH(v3,rH(v3) * 10); (print(rH(v3)); (countDown(cnt); no operation)))); no operation)))
wH(v2,rH(v2) * 10)
SymTable:
cnt --> 1
v1 --> (1,int)
v2 --> (2,int)
v3 --> (3,int)
Out:
20
2
Heap: 
1 -> 20
2 -> 3
3 -> 4
Latch Table: 1->2 
-----------
1
Stack:
(print(100); (countDown(cnt); (print(100); no operation)))
await(cnt)
SymTable:
cnt --> 1
v1 --> (1,int)
v2 --> (2,int)
v3 --> (3,int)
Out:
20
2
Heap: 
1 -> 20
2 -> 30
3 -> 4
Latch Table: 1->2 
-----------
3
Stack:
(print(rH(v2)); (countDown(cnt); (fork((wH(v3,rH(v3) * 10); (print(rH(v3)); (countDown(cnt); no operation)))); no operation)))
SymTable:
cnt --> 1
v1 --> (1,int)
v2 --> (2,int)
v3 --> (3,int)
Out:
20
2
Heap: 
1 -> 20
2 -> 30
3 -> 4
Latch Table: 1->2 
-----------
1
Stack:
(print(100); (countDown(cnt); (print(100); no operation)))
await(cnt)
SymTable:
cnt --> 1
v1 --> (1,int)
v2 --> (2,int)
v3 --> (3,int)
Out:
20
2
Heap: 
1 -> 20
2 -> 30
3 -> 4
Latch Table: 1->2 
-----------
3
Stack:
(print(rH(v2)); (countDown(cnt); (fork((wH(v3,rH(v3) * 10); (print(rH(v3)); (countDown(cnt); no operation)))); no operation)))
SymTable:
cnt --> 1
v1 --> (1,int)
v2 --> (2,int)
v3 --> (3,int)
Out:
20
2
Heap: 
1 -> 20
2 -> 30
3 -> 4
Latch Table: 1->2 
-----------
1
Stack:
(print(100); (countDown(cnt); (print(100); no operation)))
await(cnt)
SymTable:
cnt --> 1
v1 --> (1,int)
v2 --> (2,int)
v3 --> (3,int)
Out:
20
2
Heap: 
1 -> 20
2 -> 30
3 -> 4
Latch Table: 1->2 
-----------
3
Stack:
(countDown(cnt); (fork((wH(v3,rH(v3) * 10); (print(rH(v3)); (countDown(cnt); no operation)))); no operation))
print(rH(v2))
SymTable:
cnt --> 1
v1 --> (1,int)
v2 --> (2,int)
v3 --> (3,int)
Out:
20
2
Heap: 
1 -> 20
2 -> 30
3 -> 4
Latch Table: 1->2 
-----------
1
Stack:
(print(100); (countDown(cnt); (print(100); no operation)))
await(cnt)
SymTable:
cnt --> 1
v1 --> (1,int)
v2 --> (2,int)
v3 --> (3,int)
Out:
20
2
Heap: 
1 -> 20
2 -> 30
3 -> 4
Latch Table: 1->2 
-----------
3
Stack:
(countDown(cnt); (fork((wH(v3,rH(v3) * 10); (print(rH(v3)); (countDown(cnt); no operation)))); no operation))
print(rH(v2))
SymTable:
cnt --> 1
v1 --> (1,int)
v2 --> (2,int)
v3 --> (3,int)
Out:
20
2
Heap: 
1 -> 20
2 -> 30
3 -> 4
Latch Table: 1->2 
-----------
1
Stack:
(print(100); (countDown(cnt); (print(100); no operation)))
await(cnt)
SymTable:
cnt --> 1
v1 --> (1,int)
v2 --> (2,int)
v3 --> (3,int)
Out:
20
2
30
Heap: 
1 -> 20
2 -> 30
3 -> 4
Latch Table: 1->2 
-----------
3
Stack:
(countDown(cnt); (fork((wH(v3,rH(v3) * 10); (print(rH(v3)); (countDown(cnt); no operation)))); no operation))
SymTable:
cnt --> 1
v1 --> (1,int)
v2 --> (2,int)
v3 --> (3,int)
Out:
20
2
30
Heap: 
1 -> 20
2 -> 30
3 -> 4
Latch Table: 1->2 
-----------
1
Stack:
(print(100); (countDown(cnt); (print(100); no operation)))
await(cnt)
SymTable:
cnt --> 1
v1 --> (1,int)
v2 --> (2,int)
v3 --> (3,int)
Out:
20
2
30
Heap: 
1 -> 20
2 -> 30
3 -> 4
Latch Table: 1->2 
-----------
3
Stack:
(countDown(cnt); (fork((wH(v3,rH(v3) * 10); (print(rH(v3)); (countDown(cnt); no operation)))); no operation))
SymTable:
cnt --> 1
v1 --> (1,int)
v2 --> (2,int)
v3 --> (3,int)
Out:
20
2
30
Heap: 
1 -> 20
2 -> 30
3 -> 4
Latch Table: 1->2 
-----------
1
Stack:
(print(100); (countDown(cnt); (print(100); no operation)))
await(cnt)
SymTable:
cnt --> 1
v1 --> (1,int)
v2 --> (2,int)
v3 --> (3,int)
Out:
20
2
30
Heap: 
1 -> 20
2 -> 30
3 -> 4
Latch Table: 1->2 
-----------
3
Stack:
(fork((wH(v3,rH(v3) * 10); (print(rH(v3)); (countDown(cnt); no operation)))); no operation)
countDown(cnt)
SymTable:
cnt --> 1
v1 --> (1,int)
v2 --> (2,int)
v3 --> (3,int)
Out:
20
2
30
Heap: 
1 -> 20
2 -> 30
3 -> 4
Latch Table: 1->2 
-----------
1
Stack:
(print(100); (countDown(cnt); (print(100); no operation)))
await(cnt)
SymTable:
cnt --> 1
v1 --> (1,int)
v2 --> (2,int)
v3 --> (3,int)
Out:
20
2
30
Heap: 
1 -> 20
2 -> 30
3 -> 4
Latch Table: 1->2 
-----------
3
Stack:
(fork((wH(v3,rH(v3) * 10); (print(rH(v3)); (countDown(cnt); no operation)))); no operation)
countDown(cnt)
SymTable:
cnt --> 1
v1 --> (1,int)
v2 --> (2,int)
v3 --> (3,int)
Out:
20
2
30
Heap: 
1 -> 20
2 -> 30
3 -> 4
Latch Table: 1->2 
-----------
1
Stack:
(print(100); (countDown(cnt); (print(100); no operation)))
await(cnt)
SymTable:
cnt --> 1
v1 --> (1,int)
v2 --> (2,int)
v3 --> (3,int)
Out:
20
2
30
Heap: 
1 -> 20
2 -> 30
3 -> 4
Latch Table: 1->1 
-----------
3
Stack:
(fork((wH(v3,rH(v3) * 10); (print(rH(v3)); (countDown(cnt); no operation)))); no operation)
print(3)
SymTable:
cnt --> 1
v1 --> (1,int)
v2 --> (2,int)
v3 --> (3,int)
Out:
20
2
30
Heap: 
1 -> 20
2 -> 30
3 -> 4
Latch Table: 1->1 
-----------
1
Stack:
(print(100); (countDown(cnt); (print(100); no operation)))
await(cnt)
SymTable:
cnt --> 1
v1 --> (1,int)
v2 --> (2,int)
v3 --> (3,int)
Out:
20
2
30
Heap: 
1 -> 20
2 -> 30
3 -> 4
Latch Table: 1->1 
-----------
3
Stack:
(fork((wH(v3,rH(v3) * 10); (print(rH(v3)); (countDown(cnt); no operation)))); no operation)
print(3)
SymTable:
cnt --> 1
v1 --> (1,int)
v2 --> (2,int)
v3 --> (3,int)
Out:
20
2
30
Heap: 
1 -> 20
2 -> 30
3 -> 4
Latch Table: 1->1 
-----------
1
Stack:
(print(100); (countDown(cnt); (print(100); no operation)))
await(cnt)
SymTable:
cnt --> 1
v1 --> (1,int)
v2 --> (2,int)
v3 --> (3,int)
Out:
20
2
30
3
Heap: 
1 -> 20
2 -> 30
3 -> 4
Latch Table: 1->1 
-----------
3
Stack:
(fork((wH(v3,rH(v3) * 10); (print(rH(v3)); (countDown(cnt); no operation)))); no operation)
SymTable:
cnt --> 1
v1 --> (1,int)
v2 --> (2,int)
v3 --> (3,int)
Out:
20
2
30
3
Heap: 
1 -> 20
2 -> 30
3 -> 4
Latch Table: 1->1 
-----------
1
Stack:
(print(100); (countDown(cnt); (print(100); no operation)))
await(cnt)
SymTable:
cnt --> 1
v1 --> (1,int)
v2 --> (2,int)
v3 --> (3,int)
Out:
20
2
30
3
Heap: 
1 -> 20
2 -> 30
3 -> 4
Latch Table: 1->1 
-----------
3
Stack:
(fork((wH(v3,rH(v3) * 10); (print(rH(v3)); (countDown(cnt); no operation)))); no operation)
SymTable:
cnt --> 1
v1 --> (1,int)
v2 --> (2,int)
v3 --> (3,int)
Out:
20
2
30
3
Heap: 
1 -> 20
2 -> 30
3 -> 4
Latch Table: 1->1 
-----------
1
Stack:
(print(100); (countDown(cnt); (print(100); no operation)))
await(cnt)
SymTable:
cnt --> 1
v1 --> (1,int)
v2 --> (2,int)
v3 --> (3,int)
Out:
20
2
30
3
Heap: 
1 -> 20
2 -> 30
3 -> 4
Latch Table: 1->1 
-----------
3
Stack:
no operation
fork((wH(v3,rH(v3) * 10); (print(rH(v3)); (countDown(cnt); no operation))))
SymTable:
cnt --> 1
v1 --> (1,int)
v2 --> (2,int)
v3 --> (3,int)
Out:
20
2
30
3
Heap: 
1 -> 20
2 -> 30
3 -> 4
Latch Table: 1->1 
-----------
1
Stack:
(print(100); (countDown(cnt); (print(100); no operation)))
await(cnt)
SymTable:
cnt --> 1
v1 --> (1,int)
v2 --> (2,int)
v3 --> (3,int)
Out:
20
2
30
3
Heap: 
1 -> 20
2 -> 30
3 -> 4
Latch Table: 1->1 
-----------
3
Stack:
no operation
fork((wH(v3,rH(v3) * 10); (print(rH(v3)); (countDown(cnt); no operation))))
SymTable:
cnt --> 1
v1 --> (1,int)
v2 --> (2,int)
v3 --> (3,int)
Out:
20
2
30
3
Heap: 
1 -> 20
2 -> 30
3 -> 4
Latch Table: 1->1 
-----------
1
Stack:
(print(100); (countDown(cnt); (print(100); no operation)))
await(cnt)
SymTable:
cnt --> 1
v1 --> (1,int)
v2 --> (2,int)
v3 --> (3,int)
Out:
20
2
30
3
Heap: 
1 -> 20
2 -> 30
3 -> 4
Latch Table: 1->1 
-----------
3
Stack:
no operation
SymTable:
cnt --> 1
v1 --> (1,int)
v2 --> (2,int)
v3 --> (3,int)
Out:
20
2
30
3
Heap: 
1 -> 20
2 -> 30
3 -> 4
Latch Table: 1->1 
-----------
4
Stack:
(wH(v3,rH(v3) * 10); (print(rH(v3)); (countDown(cnt); no operation)))
SymTable:
cnt --> 1
v1 --> (1,int)
v2 --> (2,int)
v3 --> (3,int)
Out:
20
2
30
3
Heap: 
1 -> 20
2 -> 30
3 -> 4
Latch Table: 1->1 
-----------
1
Stack:
(print(100); (countDown(cnt); (print(100); no operation)))
await(cnt)
SymTable:
cnt --> 1
v1 --> (1,int)
v2 --> (2,int)
v3 --> (3,int)
Out:
20
2
30
3
Heap: 
1 -> 20
2 -> 30
3 -> 4
Latch Table: 1->1 
-----------
3
Stack:
no operation
SymTable:
cnt --> 1
v1 --> (1,int)
v2 --> (2,int)
v3 --> (3,int)
Out:
20
2
30
3
Heap: 
1 -> 20
2 -> 30
3 -> 4
Latch Table: 1->1 
-----------
4
Stack:
(wH(v3,rH(v3) * 10); (print(rH(v3)); (countDown(cnt); no operation)))
SymTable:
cnt --> 1
v1 --> (1,int)
v2 --> (2,int)
v3 --> (3,int)
Out:
20
2
30
3
Heap: 
1 -> 20
2 -> 30
3 -> 4
Latch Table: 1->1 
-----------
1
Stack:
(print(100); (countDown(cnt); (print(100); no operation)))
await(cnt)
SymTable:
cnt --> 1
v1 --> (1,int)
v2 --> (2,int)
v3 --> (3,int)
Out:
20
2
30
3
Heap: 
1 -> 20
2 -> 30
3 -> 4
Latch Table: 1->1 
-----------
3
Stack:
SymTable:
cnt --> 1
v1 --> (1,int)
v2 --> (2,int)
v3 --> (3,int)
Out:
20
2
30
3
Heap: 
1 -> 20
2 -> 30
3 -> 4
Latch Table: 1->1 
-----------
4
Stack:
(print(rH(v3)); (countDown(cnt); no operation))
wH(v3,rH(v3) * 10)
SymTable:
cnt --> 1
v1 --> (1,int)
v2 --> (2,int)
v3 --> (3,int)
Out:
20
2
30
3
Heap: 
1 -> 20
2 -> 30
3 -> 4
Latch Table: 1->1 
-----------
1
Stack:
(print(100); (countDown(cnt); (print(100); no operation)))
await(cnt)
SymTable:
cnt --> 1
v1 --> (1,int)
v2 --> (2,int)
v3 --> (3,int)
Out:
20
2
30
3
Heap: 
1 -> 20
2 -> 30
3 -> 4
Latch Table: 1->1 
-----------
4
Stack:
(print(rH(v3)); (countDown(cnt); no operation))
wH(v3,rH(v3) * 10)
SymTable:
cnt --> 1
v1 --> (1,int)
v2 --> (2,int)
v3 --> (3,int)
Out:
20
2
30
3
Heap: 
1 -> 20
2 -> 30
3 -> 4
Latch Table: 1->1 
-----------
1
Stack:
(print(100); (countDown(cnt); (print(100); no operation)))
await(cnt)
SymTable:
cnt --> 1
v1 --> (1,int)
v2 --> (2,int)
v3 --> (3,int)
Out:
20
2
30
3
Heap: 
1 -> 20
2 -> 30
3 -> 40
Latch Table: 1->1 
-----------
4
Stack:
(print(rH(v3)); (countDown(cnt); no operation))
SymTable:
cnt --> 1
v1 --> (1,int)
v2 --> (2,int)
v3 --> (3,int)
Out:
20
2
30
3
Heap: 
1 -> 20
2 -> 30
3 -> 40
Latch Table: 1->1 
-----------
1
Stack:
(print(100); (countDown(cnt); (print(100); no operation)))
await(cnt)
SymTable:
cnt --> 1
v1 --> (1,int)
v2 --> (2,int)
v3 --> (3,int)
Out:
20
2
30
3
Heap: 
1 -> 20
2 -> 30
3 -> 40
Latch Table: 1->1 
-----------
4
Stack:
(print(rH(v3)); (countDown(cnt); no operation))
SymTable:
cnt --> 1
v1 --> (1,int)
v2 --> (2,int)
v3 --> (3,int)
Out:
20
2
30
3
Heap: 
1 -> 20
2 -> 30
3 -> 40
Latch Table: 1->1 
-----------
1
Stack:
(print(100); (countDown(cnt); (print(100); no operation)))
await(cnt)
SymTable:
cnt --> 1
v1 --> (1,int)
v2 --> (2,int)
v3 --> (3,int)
Out:
20
2
30
3
Heap: 
1 -> 20
2 -> 30
3 -> 40
Latch Table: 1->1 
-----------
4
Stack:
(countDown(cnt); no operation)
print(rH(v3))
SymTable:
cnt --> 1
v1 --> (1,int)
v2 --> (2,int)
v3 --> (3,int)
Out:
20
2
30
3
Heap: 
1 -> 20
2 -> 30
3 -> 40
Latch Table: 1->1 
-----------
1
Stack:
(print(100); (countDown(cnt); (print(100); no operation)))
await(cnt)
SymTable:
cnt --> 1
v1 --> (1,int)
v2 --> (2,int)
v3 --> (3,int)
Out:
20
2
30
3
Heap: 
1 -> 20
2 -> 30
3 -> 40
Latch Table: 1->1 
-----------
4
Stack:
(countDown(cnt); no operation)
print(rH(v3))
SymTable:
cnt --> 1
v1 --> (1,int)
v2 --> (2,int)
v3 --> (3,int)
Out:
20
2
30
3
Heap: 
1 -> 20
2 -> 30
3 -> 40
Latch Table: 1->1 
-----------
1
Stack:
(print(100); (countDown(cnt); (print(100); no operation)))
await(cnt)
SymTable:
cnt --> 1
v1 --> (1,int)
v2 --> (2,int)
v3 --> (3,int)
Out:
20
2
30
3
40
Heap: 
1 -> 20
2 -> 30
3 -> 40
Latch Table: 1->1 
-----------
4
Stack:
(countDown(cnt); no operation)
SymTable:
cnt --> 1
v1 --> (1,int)
v2 --> (2,int)
v3 --> (3,int)
Out:
20
2
30
3
40
Heap: 
1 -> 20
2 -> 30
3 -> 40
Latch Table: 1->1 
-----------
1
Stack:
(print(100); (countDown(cnt); (print(100); no operation)))
await(cnt)
SymTable:
cnt --> 1
v1 --> (1,int)
v2 --> (2,int)
v3 --> (3,int)
Out:
20
2
30
3
40
Heap: 
1 -> 20
2 -> 30
3 -> 40
Latch Table: 1->1 
-----------
4
Stack:
(countDown(cnt); no operation)
SymTable:
cnt --> 1
v1 --> (1,int)
v2 --> (2,int)
v3 --> (3,int)
Out:
20
2
30
3
40
Heap: 
1 -> 20
2 -> 30
3 -> 40
Latch Table: 1->1 
-----------
1
Stack:
(print(100); (countDown(cnt); (print(100); no operation)))
await(cnt)
SymTable:
cnt --> 1
v1 --> (1,int)
v2 --> (2,int)
v3 --> (3,int)
Out:
20
2
30
3
40
Heap: 
1 -> 20
2 -> 30
3 -> 40
Latch Table: 1->1 
-----------
4
Stack:
no operation
countDown(cnt)
SymTable:
cnt --> 1
v1 --> (1,int)
v2 --> (2,int)
v3 --> (3,int)
Out:
20
2
30
3
40
Heap: 
1 -> 20
2 -> 30
3 -> 40
Latch Table: 1->1 
-----------
1
Stack:
(print(100); (countDown(cnt); (print(100); no operation)))
await(cnt)
SymTable:
cnt --> 1
v1 --> (1,int)
v2 --> (2,int)
v3 --> (3,int)
Out:
20
2
30
3
40
Heap: 
1 -> 20
2 -> 30
3 -> 40
Latch Table: 1->1 
-----------
4
Stack:
no operation
countDown(cnt)
SymTable:
cnt --> 1
v1 --> (1,int)
v2 --> (2,int)
v3 --> (3,int)
Out:
20
2
30
3
40
Heap: 
1 -> 20
2 -> 30
3 -> 40
Latch Table: 1->1 
-----------
1
Stack:
(print(100); (countDown(cnt); (print(100); no operation)))
await(cnt)
SymTable:
cnt --> 1
v1 --> (1,int)
v2 --> (2,int)
v3 --> (3,int)
Out:
20
2
30
3
40
Heap: 
1 -> 20
2 -> 30
3 -> 40
Latch Table: 1->0 
-----------
4
Stack:
no operation
print(4)
SymTable:
cnt --> 1
v1 --> (1,int)
v2 --> (2,int)
v3 --> (3,int)
Out:
20
2
30
3
40
Heap: 
1 -> 20
2 -> 30
3 -> 40
Latch Table: 1->0 
-----------
1
Stack:
(print(100); (countDown(cnt); (print(100); no operation)))
await(cnt)
SymTable:
cnt --> 1
v1 --> (1,int)
v2 --> (2,int)
v3 --> (3,int)
Out:
20
2
30
3
40
Heap: 
1 -> 20
2 -> 30
3 -> 40
Latch Table: 1->0 
-----------
4
Stack:
no operation
print(4)
SymTable:
cnt --> 1
v1 --> (1,int)
v2 --> (2,int)
v3 --> (3,int)
Out:
20
2
30
3
40
Heap: 
1 -> 20
2 -> 30
3 -> 40
Latch Table: 1->0 
-----------
1
Stack:
(print(100); (countDown(cnt); (print(100); no operation)))
SymTable:
cnt --> 1
v1 --> (1,int)
v2 --> (2,int)
v3 --> (3,int)
Out:
20
2
30
3
40
4
Heap: 
1 -> 20
2 -> 30
3 -> 40
Latch Table: 1->0 
-----------
4
Stack:
no operation
SymTable:
cnt --> 1
v1 --> (1,int)
v2 --> (2,int)
v3 --> (3,int)
Out:
20
2
30
3
40
4
Heap: 
1 -> 20
2 -> 30
3 -> 40
Latch Table: 1->0 
-----------
1
Stack:
(print(100); (countDown(cnt); (print(100); no operation)))
SymTable:
cnt --> 1
v1 --> (1,int)
v2 --> (2,int)
v3 --> (3,int)
Out:
20
2
30
3
40
4
Heap: 
1 -> 20
2 -> 30
3 -> 40
Latch Table: 1->0 
-----------
4
Stack:
no operation
SymTable:
cnt --> 1
v1 --> (1,int)
v2 --> (2,int)
v3 --> (3,int)
Out:
20
2
30
3
40
4
Heap: 
1 -> 20
2 -> 30
3 -> 40
Latch Table: 1->0 
-----------
1
Stack:
(countDown(cnt); (print(100); no operation))
print(100)
SymTable:
cnt --> 1
v1 --> (1,int)
v2 --> (2,int)
v3 --> (3,int)
Out:
20
2
30
3
40
4
Heap: 
1 -> 20
2 -> 30
3 -> 40
Latch Table: 1->0 
-----------
4
Stack:
SymTable:
cnt --> 1
v1 --> (1,int)
v2 --> (2,int)
v3 --> (3,int)
Out:
20
2
30
3
40
4
Heap: 
1 -> 20
2 -> 30
3 -> 40
Latch Table: 1->0 
-----------
1
Stack:
(countDown(cnt); (print(100); no operation))
print(100)
SymTable:
cnt --> 1
v1 --> (1,int)
v2 --> (2,int)
v3 --> (3,int)
Out:
20
2
30
3
40
4
Heap: 
1 -> 20
2 -> 30
3 -> 40
Latch Table: 1->0 
-----------
1
Stack:
(countDown(cnt); (print(100); no operation))
SymTable:
cnt --> 1
v1 --> (1,int)
v2 --> (2,int)
v3 --> (3,int)
Out:
20
2
30
3
40
4
100
Heap: 
1 -> 20
2 -> 30
3 -> 40
Latch Table: 1->0 
-----------
1
Stack:
(countDown(cnt); (print(100); no operation))
SymTable:
cnt --> 1
v1 --> (1,int)
v2 --> (2,int)
v3 --> (3,int)
Out:
20
2
30
3
40
4
100
Heap: 
1 -> 20
2 -> 30
3 -> 40
Latch Table: 1->0 
-----------
1
Stack:
(print(100); no operation)
countDown(cnt)
SymTable:
cnt --> 1
v1 --> (1,int)
v2 --> (2,int)
v3 --> (3,int)
Out:
20
2
30
3
40
4
100
Heap: 
1 -> 20
2 -> 30
3 -> 40
Latch Table: 1->0 
-----------
1
Stack:
(print(100); no operation)
countDown(cnt)
SymTable:
cnt --> 1
v1 --> (1,int)
v2 --> (2,int)
v3 --> (3,int)
Out:
20
2
30
3
40
4
100
Heap: 
1 -> 20
2 -> 30
3 -> 40
Latch Table: 1->0 
-----------
1
Stack:
(print(100); no operation)
print(1)
SymTable:
cnt --> 1
v1 --> (1,int)
v2 --> (2,int)
v3 --> (3,int)
Out:
20
2
30
3
40
4
100
Heap: 
1 -> 20
2 -> 30
3 -> 40
Latch Table: 1->-1 
-----------
1
Stack:
(print(100); no operation)
print(1)
SymTable:
cnt --> 1
v1 --> (1,int)
v2 --> (2,int)
v3 --> (3,int)
Out:
20
2
30
3
40
4
100
Heap: 
1 -> 20
2 -> 30
3 -> 40
Latch Table: 1->-1 
-----------
1
Stack:
(print(100); no operation)
SymTable:
cnt --> 1
v1 --> (1,int)
v2 --> (2,int)
v3 --> (3,int)
Out:
20
2
30
3
40
4
100
1
Heap: 
1 -> 20
2 -> 30
3 -> 40
Latch Table: 1->-1 
-----------
1
Stack:
(print(100); no operation)
SymTable:
cnt --> 1
v1 --> (1,int)
v2 --> (2,int)
v3 --> (3,int)
Out:
20
2
30
3
40
4
100
1
Heap: 
1 -> 20
2 -> 30
3 -> 40
Latch Table: 1->-1 
-----------
1
Stack:
no operation
print(100)
SymTable:
cnt --> 1
v1 --> (1,int)
v2 --> (2,int)
v3 --> (3,int)
Out:
20
2
30
3
40
4
100
1
Heap: 
1 -> 20
2 -> 30
3 -> 40
Latch Table: 1->-1 
-----------
1
Stack:
no operation
print(100)
SymTable:
cnt --> 1
v1 --> (1,int)
v2 --> (2,int)
v3 --> (3,int)
Out:
20
2
30
3
40
4
100
1
Heap: 
1 -> 20
2 -> 30
3 -> 40
Latch Table: 1->-1 
-----------
1
Stack:
no operation
SymTable:
cnt --> 1
v1 --> (1,int)
v2 --> (2,int)
v3 --> (3,int)
Out:
20
2
30
3
40
4
100
1
100
Heap: 
1 -> 20
2 -> 30
3 -> 40
Latch Table: 1->-1 
-----------
1
Stack:
no operation
SymTable:
cnt --> 1
v1 --> (1,int)
v2 --> (2,int)
v3 --> (3,int)
Out:
20
2
30
3
40
4
100
1
100
Heap: 
1 -> 20
2 -> 30
3 -> 40
Latch Table: 1->-1 
-----------
1
Stack:
SymTable:
cnt --> 1
v1 --> (1,int)
v2 --> (2,int)
v3 --> (3,int)
Out:
20
2
30
3
40
4
100
1
100
Heap: 
1 -> 20
2 -> 30
3 -> 40
Latch Table: 1->-1 
-----------
